RUN	com.gatling.tests.api.PostPutDeleteAPIDemo	postputdeleteapidemo	1658122987400	Demo 7	3.6.1
USER	Create User	START	1658122989351
USER	Update User	START	1658122989355
USER	Create User	START	1658122989835
USER	Update User	START	1658122989829
REQUEST		Update User	1658122989445	1658122989953	OK	 
REQUEST		Create User Request	1658122989445	1658122990114	OK	 
REQUEST		Update User	1658122989832	1658122990305	OK	 
REQUEST		Create User Request	1658122989836	1658122990305	OK	 
USER	Update User	START	1658122990327
USER	Create User	START	1658122990341
REQUEST		Create User Request	1658122990341	1658122990818	OK	 
REQUEST		Update User	1658122990328	1658122990818	OK	 
USER	Update User	START	1658122990829
USER	Create User	START	1658122990840
USER	Update User	END	1658122991091
USER	Create User	END	1658122991118
USER	Update User	END	1658122991311
USER	Create User	END	1658122991311
REQUEST		Update User	1658122990830	1658122991319	OK	 
USER	Update User	START	1658122991331
USER	Create User	START	1658122991340
REQUEST		Create User Request	1658122990841	1658122991360	OK	 
REQUEST		Create User Request	1658122991341	1658122991774	OK	 
REQUEST		Update User	1658122991332	1658122991774	OK	 
USER	Update User	END	1658122991828
USER	Create User	END	1658122991828
USER	Create User	START	1658122991827
REQUEST		Create User Request	1658122991829	1658122992280	OK	 
USER	Update User	END	1658122992328
USER	Create User	START	1658122992329
USER	Create User	END	1658122992365
USER	Update User	END	1658122992784
USER	Create User	END	1658122992784
REQUEST		Create User Request	1658122992330	1658122992793	OK	 
USER	Create User	START	1658122992824
REQUEST		Create User Request	1658122992825	1658122993270	OK	 
USER	Create User	END	1658122993287
USER	Create User	START	1658122993327
USER	Create User	END	1658122993807
REQUEST		Create User Request	1658122993330	1658122993818	OK	 
USER	Create User	START	1658122993826
USER	Create User	END	1658122994281
REQUEST		Create User Request	1658122993829	1658122994310	OK	 
USER	Create User	END	1658122994827
USER	Create User	END	1658122995317
