RUN	com.gatling.tests.api.PostPutDeleteAPIDemo	postputdeleteapidemo	1658123295192	Demo 8	3.6.1
USER	Update User	START	1658123297614
USER	Delete User	START	1658123297621
USER	Create User	START	1658123297605
USER	Update User	START	1658123298061
USER	Delete User	START	1658123298061
USER	Create User	START	1658123298072
REQUEST		Delete User Request	1658123297718	1658123298385	OK	 
REQUEST		Delete User Request	1658123298064	1658123298552	OK	 
USER	Update User	START	1658123298556
USER	Delete User	START	1658123298563
USER	Create User	START	1658123298575
REQUEST		Update User Request	1658123298064	1658123298552	OK	 
REQUEST		Create User Request	1658123297718	1658123298391	OK	 
REQUEST		Update User Request	1658123297718	1658123298391	OK	 
REQUEST		Create User Request	1658123298074	1658123298578	OK	 
REQUEST		Delete User Request	1658123298565	1658123299009	OK	 
REQUEST		Update User Request	1658123298557	1658123299012	OK	 
REQUEST		Create User Request	1658123298576	1658123299041	OK	 
USER	Update User	START	1658123299065
USER	Create User	START	1658123299075
USER	Delete User	END	1658123299497
REQUEST		Update User Request	1658123299066	1658123299548	OK	 
USER	Delete User	END	1658123299555
USER	Update User	START	1658123299557
REQUEST		Create User Request	1658123299081	1658123299564	OK	 
USER	Create User	START	1658123299575
USER	Update User	END	1658123299598
USER	Create User	END	1658123299599
USER	Create User	END	1658123299599
USER	Update User	END	1658123299599
REQUEST		Create User Request	1658123299576	1658123299993	OK	 
REQUEST		Update User Request	1658123299558	1658123299993	OK	 
USER	Delete User	END	1658123300018
USER	Update User	END	1658123300018
USER	Create User	END	1658123300048
USER	Create User	START	1658123300056
REQUEST		Create User Request	1658123300059	1658123300507	OK	 
USER	Update User	END	1658123300554
USER	Create User	START	1658123300559
USER	Create User	END	1658123300574
USER	Update User	END	1658123300999
USER	Create User	END	1658123300999
REQUEST		Create User Request	1658123300562	1658123301008	OK	 
USER	Create User	START	1658123301061
USER	Create User	END	1658123301515
REQUEST		Create User Request	1658123301063	1658123301524	OK	 
USER	Create User	START	1658123301555
REQUEST		Create User Request	1658123301556	1658123301998	OK	 
USER	Create User	END	1658123302020
USER	Create User	START	1658123302058
USER	Create User	END	1658123302534
REQUEST		Create User Request	1658123302069	1658123302573	OK	 
USER	Create User	END	1658123303013
USER	Create User	END	1658123303586
